<?xml version="1.0" encoding="UTF-8"?>
<testsuite xmlns:xsi="http://www.w3.org/2001/XMLSchema-instance" xsi:noNamespaceSchemaLocation="https://maven.apache.org/surefire/maven-surefire-plugin/xsd/surefire-test-report.xsd" name="com.aigc.idWorkTest" time="4.6" tests="1" errors="0" skipped="0" failures="0">
  <properties>
    <property name="java.specification.version" value="17"/>
    <property name="sun.cpu.isalist" value="amd64"/>
    <property name="sun.jnu.encoding" value="GBK"/>
    <property name="java.class.path" value="D:\develop\JetBrains\Java_code\aigc\aigc-server\target\test-classes;D:\develop\JetBrains\Java_code\aigc\aigc-server\target\classes;D:\develop\Java\apache-maven-3.6.1\mvn_resp\org\springframework\boot\spring-boot-starter-web\2.7.3\spring-boot-starter-web-2.7.3.jar;D:\develop\Java\apache-maven-3.6.1\mvn_resp\org\springframework\boot\spring-boot-starter\2.7.3\spring-boot-starter-2.7.3.jar;D:\develop\Java\apache-maven-3.6.1\mvn_resp\org\springframework\boot\spring-boot\2.7.3\spring-boot-2.7.3.jar;D:\develop\Java\apache-maven-3.6.1\mvn_resp\org\springframework\boot\spring-boot-starter-logging\2.7.3\spring-boot-starter-logging-2.7.3.jar;D:\develop\Java\apache-maven-3.6.1\mvn_resp\ch\qos\logback\logback-classic\1.2.11\logback-classic-1.2.11.jar;D:\develop\Java\apache-maven-3.6.1\mvn_resp\ch\qos\logback\logback-core\1.2.11\logback-core-1.2.11.jar;D:\develop\Java\apache-maven-3.6.1\mvn_resp\org\apache\logging\log4j\log4j-to-slf4j\2.17.2\log4j-to-slf4j-2.17.2.jar;D:\develop\Java\apache-maven-3.6.1\mvn_resp\org\apache\logging\log4j\log4j-api\2.17.2\log4j-api-2.17.2.jar;D:\develop\Java\apache-maven-3.6.1\mvn_resp\org\slf4j\jul-to-slf4j\1.7.36\jul-to-slf4j-1.7.36.jar;D:\develop\Java\apache-maven-3.6.1\mvn_resp\jakarta\annotation\jakarta.annotation-api\1.3.5\jakarta.annotation-api-1.3.5.jar;D:\develop\Java\apache-maven-3.6.1\mvn_resp\org\yaml\snakeyaml\1.30\snakeyaml-1.30.jar;D:\develop\Java\apache-maven-3.6.1\mvn_resp\org\springframework\boot\spring-boot-starter-json\2.7.3\spring-boot-starter-json-2.7.3.jar;D:\develop\Java\apache-maven-3.6.1\mvn_resp\com\fasterxml\jackson\datatype\jackson-datatype-jdk8\2.13.3\jackson-datatype-jdk8-2.13.3.jar;D:\develop\Java\apache-maven-3.6.1\mvn_resp\com\fasterxml\jackson\datatype\jackson-datatype-jsr310\2.13.3\jackson-datatype-jsr310-2.13.3.jar;D:\develop\Java\apache-maven-3.6.1\mvn_resp\com\fasterxml\jackson\module\jackson-module-parameter-names\2.13.3\jackson-module-parameter-names-2.13.3.jar;D:\develop\Java\apache-maven-3.6.1\mvn_resp\org\springframework\boot\spring-boot-starter-tomcat\2.7.3\spring-boot-starter-tomcat-2.7.3.jar;D:\develop\Java\apache-maven-3.6.1\mvn_resp\org\apache\tomcat\embed\tomcat-embed-core\9.0.65\tomcat-embed-core-9.0.65.jar;D:\develop\Java\apache-maven-3.6.1\mvn_resp\org\apache\tomcat\embed\tomcat-embed-el\9.0.65\tomcat-embed-el-9.0.65.jar;D:\develop\Java\apache-maven-3.6.1\mvn_resp\org\apache\tomcat\embed\tomcat-embed-websocket\9.0.65\tomcat-embed-websocket-9.0.65.jar;D:\develop\Java\apache-maven-3.6.1\mvn_resp\org\springframework\spring-web\5.3.22\spring-web-5.3.22.jar;D:\develop\Java\apache-maven-3.6.1\mvn_resp\org\springframework\spring-beans\5.3.22\spring-beans-5.3.22.jar;D:\develop\Java\apache-maven-3.6.1\mvn_resp\org\springframework\spring-webmvc\5.3.22\spring-webmvc-5.3.22.jar;D:\develop\Java\apache-maven-3.6.1\mvn_resp\org\springframework\spring-aop\5.3.22\spring-aop-5.3.22.jar;D:\develop\Java\apache-maven-3.6.1\mvn_resp\org\springframework\spring-context\5.3.22\spring-context-5.3.22.jar;D:\develop\Java\apache-maven-3.6.1\mvn_resp\org\springframework\spring-expression\5.3.22\spring-expression-5.3.22.jar;D:\develop\Java\apache-maven-3.6.1\mvn_resp\org\springframework\boot\spring-boot-starter-test\2.7.3\spring-boot-starter-test-2.7.3.jar;D:\develop\Java\apache-maven-3.6.1\mvn_resp\org\springframework\boot\spring-boot-test\2.7.3\spring-boot-test-2.7.3.jar;D:\develop\Java\apache-maven-3.6.1\mvn_resp\org\springframework\boot\spring-boot-test-autoconfigure\2.7.3\spring-boot-test-autoconfigure-2.7.3.jar;D:\develop\Java\apache-maven-3.6.1\mvn_resp\com\jayway\jsonpath\json-path\2.7.0\json-path-2.7.0.jar;D:\develop\Java\apache-maven-3.6.1\mvn_resp\net\minidev\json-smart\2.4.8\json-smart-2.4.8.jar;D:\develop\Java\apache-maven-3.6.1\mvn_resp\net\minidev\accessors-smart\2.4.8\accessors-smart-2.4.8.jar;D:\develop\Java\apache-maven-3.6.1\mvn_resp\org\ow2\asm\asm\9.1\asm-9.1.jar;D:\develop\Java\apache-maven-3.6.1\mvn_resp\jakarta\xml\bind\jakarta.xml.bind-api\2.3.3\jakarta.xml.bind-api-2.3.3.jar;D:\develop\Java\apache-maven-3.6.1\mvn_resp\jakarta\activation\jakarta.activation-api\1.2.2\jakarta.activation-api-1.2.2.jar;D:\develop\Java\apache-maven-3.6.1\mvn_resp\org\assertj\assertj-core\3.22.0\assertj-core-3.22.0.jar;D:\develop\Java\apache-maven-3.6.1\mvn_resp\org\hamcrest\hamcrest\2.2\hamcrest-2.2.jar;D:\develop\Java\apache-maven-3.6.1\mvn_resp\org\junit\jupiter\junit-jupiter\5.8.2\junit-jupiter-5.8.2.jar;D:\develop\Java\apache-maven-3.6.1\mvn_resp\org\junit\jupiter\junit-jupiter-api\5.8.2\junit-jupiter-api-5.8.2.jar;D:\develop\Java\apache-maven-3.6.1\mvn_resp\org\opentest4j\opentest4j\1.2.0\opentest4j-1.2.0.jar;D:\develop\Java\apache-maven-3.6.1\mvn_resp\org\junit\platform\junit-platform-commons\1.8.2\junit-platform-commons-1.8.2.jar;D:\develop\Java\apache-maven-3.6.1\mvn_resp\org\apiguardian\apiguardian-api\1.1.2\apiguardian-api-1.1.2.jar;D:\develop\Java\apache-maven-3.6.1\mvn_resp\org\junit\jupiter\junit-jupiter-params\5.8.2\junit-jupiter-params-5.8.2.jar;D:\develop\Java\apache-maven-3.6.1\mvn_resp\org\junit\jupiter\junit-jupiter-engine\5.8.2\junit-jupiter-engine-5.8.2.jar;D:\develop\Java\apache-maven-3.6.1\mvn_resp\org\junit\platform\junit-platform-engine\1.8.2\junit-platform-engine-1.8.2.jar;D:\develop\Java\apache-maven-3.6.1\mvn_resp\org\mockito\mockito-core\4.5.1\mockito-core-4.5.1.jar;D:\develop\Java\apache-maven-3.6.1\mvn_resp\net\bytebuddy\byte-buddy\1.12.13\byte-buddy-1.12.13.jar;D:\develop\Java\apache-maven-3.6.1\mvn_resp\net\bytebuddy\byte-buddy-agent\1.12.13\byte-buddy-agent-1.12.13.jar;D:\develop\Java\apache-maven-3.6.1\mvn_resp\org\objenesis\objenesis\3.2\objenesis-3.2.jar;D:\develop\Java\apache-maven-3.6.1\mvn_resp\org\mockito\mockito-junit-jupiter\4.5.1\mockito-junit-jupiter-4.5.1.jar;D:\develop\Java\apache-maven-3.6.1\mvn_resp\org\skyscreamer\jsonassert\1.5.1\jsonassert-1.5.1.jar;D:\develop\Java\apache-maven-3.6.1\mvn_resp\com\vaadin\external\google\android-json\0.0.20131108.vaadin1\android-json-0.0.20131108.vaadin1.jar;D:\develop\Java\apache-maven-3.6.1\mvn_resp\org\springframework\spring-core\5.3.22\spring-core-5.3.22.jar;D:\develop\Java\apache-maven-3.6.1\mvn_resp\org\springframework\spring-jcl\5.3.22\spring-jcl-5.3.22.jar;D:\develop\Java\apache-maven-3.6.1\mvn_resp\org\springframework\spring-test\5.3.22\spring-test-5.3.22.jar;D:\develop\Java\apache-maven-3.6.1\mvn_resp\org\xmlunit\xmlunit-core\2.9.0\xmlunit-core-2.9.0.jar;D:\develop\Java\apache-maven-3.6.1\mvn_resp\com\alibaba\druid-spring-boot-starter\1.2.1\druid-spring-boot-starter-1.2.1.jar;D:\develop\Java\apache-maven-3.6.1\mvn_resp\com\alibaba\druid\1.2.1\druid-1.2.1.jar;D:\develop\Java\apache-maven-3.6.1\mvn_resp\javax\annotation\javax.annotation-api\1.3.2\javax.annotation-api-1.3.2.jar;D:\develop\Java\apache-maven-3.6.1\mvn_resp\org\springframework\boot\spring-boot-autoconfigure\2.7.3\spring-boot-autoconfigure-2.7.3.jar;D:\develop\Java\apache-maven-3.6.1\mvn_resp\mysql\mysql-connector-java\8.0.30\mysql-connector-java-8.0.30.jar;D:\develop\Java\apache-maven-3.6.1\mvn_resp\org\mybatis\spring\boot\mybatis-spring-boot-starter\2.2.0\mybatis-spring-boot-starter-2.2.0.jar;D:\develop\Java\apache-maven-3.6.1\mvn_resp\org\springframework\boot\spring-boot-starter-jdbc\2.7.3\spring-boot-starter-jdbc-2.7.3.jar;D:\develop\Java\apache-maven-3.6.1\mvn_resp\com\zaxxer\HikariCP\4.0.3\HikariCP-4.0.3.jar;D:\develop\Java\apache-maven-3.6.1\mvn_resp\org\springframework\spring-jdbc\5.3.22\spring-jdbc-5.3.22.jar;D:\develop\Java\apache-maven-3.6.1\mvn_resp\org\mybatis\spring\boot\mybatis-spring-boot-autoconfigure\2.2.0\mybatis-spring-boot-autoconfigure-2.2.0.jar;D:\develop\Java\apache-maven-3.6.1\mvn_resp\org\mybatis\mybatis\3.5.7\mybatis-3.5.7.jar;D:\develop\Java\apache-maven-3.6.1\mvn_resp\org\mybatis\mybatis-spring\2.0.6\mybatis-spring-2.0.6.jar;D:\develop\Java\apache-maven-3.6.1\mvn_resp\org\projectlombok\lombok\1.18.20\lombok-1.18.20.jar;D:\develop\Java\apache-maven-3.6.1\mvn_resp\io\jsonwebtoken\jjwt\0.9.1\jjwt-0.9.1.jar;D:\develop\Java\apache-maven-3.6.1\mvn_resp\com\fasterxml\jackson\core\jackson-databind\2.13.3\jackson-databind-2.13.3.jar;D:\develop\Java\apache-maven-3.6.1\mvn_resp\com\fasterxml\jackson\core\jackson-annotations\2.13.3\jackson-annotations-2.13.3.jar;D:\develop\Java\apache-maven-3.6.1\mvn_resp\com\fasterxml\jackson\core\jackson-core\2.13.3\jackson-core-2.13.3.jar;D:\develop\Java\apache-maven-3.6.1\mvn_resp\org\springframework\boot\spring-boot-configuration-processor\2.7.3\spring-boot-configuration-processor-2.7.3.jar;D:\develop\Java\apache-maven-3.6.1\mvn_resp\javax\xml\bind\jaxb-api\2.3.1\jaxb-api-2.3.1.jar;D:\develop\Java\apache-maven-3.6.1\mvn_resp\javax\activation\javax.activation-api\1.2.0\javax.activation-api-1.2.0.jar;D:\develop\Java\apache-maven-3.6.1\mvn_resp\org\apache\commons\commons-pool2\2.11.1\commons-pool2-2.11.1.jar;D:\develop\Java\apache-maven-3.6.1\mvn_resp\org\springframework\boot\spring-boot-starter-data-redis\2.7.3\spring-boot-starter-data-redis-2.7.3.jar;D:\develop\Java\apache-maven-3.6.1\mvn_resp\org\springframework\data\spring-data-redis\2.7.2\spring-data-redis-2.7.2.jar;D:\develop\Java\apache-maven-3.6.1\mvn_resp\org\springframework\data\spring-data-keyvalue\2.7.2\spring-data-keyvalue-2.7.2.jar;D:\develop\Java\apache-maven-3.6.1\mvn_resp\org\springframework\data\spring-data-commons\2.7.2\spring-data-commons-2.7.2.jar;D:\develop\Java\apache-maven-3.6.1\mvn_resp\org\springframework\spring-tx\5.3.22\spring-tx-5.3.22.jar;D:\develop\Java\apache-maven-3.6.1\mvn_resp\org\springframework\spring-oxm\5.3.22\spring-oxm-5.3.22.jar;D:\develop\Java\apache-maven-3.6.1\mvn_resp\org\springframework\spring-context-support\5.3.22\spring-context-support-5.3.22.jar;D:\develop\Java\apache-maven-3.6.1\mvn_resp\io\lettuce\lettuce-core\6.1.9.RELEASE\lettuce-core-6.1.9.RELEASE.jar;D:\develop\Java\apache-maven-3.6.1\mvn_resp\io\netty\netty-common\4.1.79.Final\netty-common-4.1.79.Final.jar;D:\develop\Java\apache-maven-3.6.1\mvn_resp\io\netty\netty-handler\4.1.79.Final\netty-handler-4.1.79.Final.jar;D:\develop\Java\apache-maven-3.6.1\mvn_resp\io\netty\netty-resolver\4.1.79.Final\netty-resolver-4.1.79.Final.jar;D:\develop\Java\apache-maven-3.6.1\mvn_resp\io\netty\netty-buffer\4.1.79.Final\netty-buffer-4.1.79.Final.jar;D:\develop\Java\apache-maven-3.6.1\mvn_resp\io\netty\netty-transport-native-unix-common\4.1.79.Final\netty-transport-native-unix-common-4.1.79.Final.jar;D:\develop\Java\apache-maven-3.6.1\mvn_resp\io\netty\netty-codec\4.1.79.Final\netty-codec-4.1.79.Final.jar;D:\develop\Java\apache-maven-3.6.1\mvn_resp\io\netty\netty-transport\4.1.79.Final\netty-transport-4.1.79.Final.jar;D:\develop\Java\apache-maven-3.6.1\mvn_resp\io\projectreactor\reactor-core\3.4.22\reactor-core-3.4.22.jar;D:\develop\Java\apache-maven-3.6.1\mvn_resp\org\reactivestreams\reactive-streams\1.0.4\reactive-streams-1.0.4.jar;D:\develop\Java\apache-maven-3.6.1\mvn_resp\cn\hutool\hutool-all\5.7.21\hutool-all-5.7.21.jar;D:\develop\Java\apache-maven-3.6.1\mvn_resp\org\apache\commons\commons-lang3\3.12.0\commons-lang3-3.12.0.jar;D:\develop\Java\apache-maven-3.6.1\mvn_resp\joda-time\joda-time\2.10.5\joda-time-2.10.5.jar;D:\develop\Java\apache-maven-3.6.1\mvn_resp\com\aigc\aigc-common\0.0.1-SNAPSHOT\aigc-common-0.0.1-SNAPSHOT.jar;D:\develop\Java\apache-maven-3.6.1\mvn_resp\com\aigc\aigc-pojo\0.0.1-SNAPSHOT\aigc-pojo-0.0.1-SNAPSHOT.jar;D:\develop\Java\apache-maven-3.6.1\mvn_resp\com\baomidou\mybatis-plus-boot-starter\3.5.2\mybatis-plus-boot-starter-3.5.2.jar;D:\develop\Java\apache-maven-3.6.1\mvn_resp\com\baomidou\mybatis-plus\3.5.2\mybatis-plus-3.5.2.jar;D:\develop\Java\apache-maven-3.6.1\mvn_resp\com\baomidou\mybatis-plus-extension\3.5.2\mybatis-plus-extension-3.5.2.jar;D:\develop\Java\apache-maven-3.6.1\mvn_resp\com\baomidou\mybatis-plus-core\3.5.2\mybatis-plus-core-3.5.2.jar;D:\develop\Java\apache-maven-3.6.1\mvn_resp\com\baomidou\mybatis-plus-annotation\3.5.2\mybatis-plus-annotation-3.5.2.jar;D:\develop\Java\apache-maven-3.6.1\mvn_resp\com\github\jsqlparser\jsqlparser\4.4\jsqlparser-4.4.jar;D:\develop\Java\apache-maven-3.6.1\mvn_resp\org\jetbrains\kotlin\kotlin-stdlib-jdk8\1.6.21\kotlin-stdlib-jdk8-1.6.21.jar;D:\develop\Java\apache-maven-3.6.1\mvn_resp\org\jetbrains\kotlin\kotlin-stdlib\1.6.21\kotlin-stdlib-1.6.21.jar;D:\develop\Java\apache-maven-3.6.1\mvn_resp\org\jetbrains\kotlin\kotlin-stdlib-common\1.6.21\kotlin-stdlib-common-1.6.21.jar;D:\develop\Java\apache-maven-3.6.1\mvn_resp\org\jetbrains\annotations\13.0\annotations-13.0.jar;D:\develop\Java\apache-maven-3.6.1\mvn_resp\org\jetbrains\kotlin\kotlin-stdlib-jdk7\1.6.21\kotlin-stdlib-jdk7-1.6.21.jar;D:\develop\Java\apache-maven-3.6.1\mvn_resp\org\slf4j\slf4j-api\1.7.36\slf4j-api-1.7.36.jar;"/>
    <property name="java.vm.vendor" value="Oracle Corporation"/>
    <property name="sun.arch.data.model" value="64"/>
    <property name="user.variant" value=""/>
    <property name="java.vendor.url" value="https://java.oracle.com/"/>
    <property name="user.timezone" value="Asia/Shanghai"/>
    <property name="os.name" value="Windows 11"/>
    <property name="java.vm.specification.version" value="17"/>
    <property name="sun.java.launcher" value="SUN_STANDARD"/>
    <property name="user.country" value="CN"/>
    <property name="sun.boot.library.path" value="D:\develop\Java\jdk-17\bin"/>
    <property name="sun.java.command" value="C:\Users\yg\AppData\Local\Temp\surefire4289297046605665022\surefirebooter5004100945669074028.jar C:\Users\yg\AppData\Local\Temp\surefire4289297046605665022 2024-05-06T09-16-06_082-jvmRun1 surefire13880992510482973326tmp surefire_011016245753724144757tmp"/>
    <property name="jdk.debug" value="release"/>
    <property name="surefire.test.class.path" value="D:\develop\JetBrains\Java_code\aigc\aigc-server\target\test-classes;D:\develop\JetBrains\Java_code\aigc\aigc-server\target\classes;D:\develop\Java\apache-maven-3.6.1\mvn_resp\org\springframework\boot\spring-boot-starter-web\2.7.3\spring-boot-starter-web-2.7.3.jar;D:\develop\Java\apache-maven-3.6.1\mvn_resp\org\springframework\boot\spring-boot-starter\2.7.3\spring-boot-starter-2.7.3.jar;D:\develop\Java\apache-maven-3.6.1\mvn_resp\org\springframework\boot\spring-boot\2.7.3\spring-boot-2.7.3.jar;D:\develop\Java\apache-maven-3.6.1\mvn_resp\org\springframework\boot\spring-boot-starter-logging\2.7.3\spring-boot-starter-logging-2.7.3.jar;D:\develop\Java\apache-maven-3.6.1\mvn_resp\ch\qos\logback\logback-classic\1.2.11\logback-classic-1.2.11.jar;D:\develop\Java\apache-maven-3.6.1\mvn_resp\ch\qos\logback\logback-core\1.2.11\logback-core-1.2.11.jar;D:\develop\Java\apache-maven-3.6.1\mvn_resp\org\apache\logging\log4j\log4j-to-slf4j\2.17.2\log4j-to-slf4j-2.17.2.jar;D:\develop\Java\apache-maven-3.6.1\mvn_resp\org\apache\logging\log4j\log4j-api\2.17.2\log4j-api-2.17.2.jar;D:\develop\Java\apache-maven-3.6.1\mvn_resp\org\slf4j\jul-to-slf4j\1.7.36\jul-to-slf4j-1.7.36.jar;D:\develop\Java\apache-maven-3.6.1\mvn_resp\jakarta\annotation\jakarta.annotation-api\1.3.5\jakarta.annotation-api-1.3.5.jar;D:\develop\Java\apache-maven-3.6.1\mvn_resp\org\yaml\snakeyaml\1.30\snakeyaml-1.30.jar;D:\develop\Java\apache-maven-3.6.1\mvn_resp\org\springframework\boot\spring-boot-starter-json\2.7.3\spring-boot-starter-json-2.7.3.jar;D:\develop\Java\apache-maven-3.6.1\mvn_resp\com\fasterxml\jackson\datatype\jackson-datatype-jdk8\2.13.3\jackson-datatype-jdk8-2.13.3.jar;D:\develop\Java\apache-maven-3.6.1\mvn_resp\com\fasterxml\jackson\datatype\jackson-datatype-jsr310\2.13.3\jackson-datatype-jsr310-2.13.3.jar;D:\develop\Java\apache-maven-3.6.1\mvn_resp\com\fasterxml\jackson\module\jackson-module-parameter-names\2.13.3\jackson-module-parameter-names-2.13.3.jar;D:\develop\Java\apache-maven-3.6.1\mvn_resp\org\springframework\boot\spring-boot-starter-tomcat\2.7.3\spring-boot-starter-tomcat-2.7.3.jar;D:\develop\Java\apache-maven-3.6.1\mvn_resp\org\apache\tomcat\embed\tomcat-embed-core\9.0.65\tomcat-embed-core-9.0.65.jar;D:\develop\Java\apache-maven-3.6.1\mvn_resp\org\apache\tomcat\embed\tomcat-embed-el\9.0.65\tomcat-embed-el-9.0.65.jar;D:\develop\Java\apache-maven-3.6.1\mvn_resp\org\apache\tomcat\embed\tomcat-embed-websocket\9.0.65\tomcat-embed-websocket-9.0.65.jar;D:\develop\Java\apache-maven-3.6.1\mvn_resp\org\springframework\spring-web\5.3.22\spring-web-5.3.22.jar;D:\develop\Java\apache-maven-3.6.1\mvn_resp\org\springframework\spring-beans\5.3.22\spring-beans-5.3.22.jar;D:\develop\Java\apache-maven-3.6.1\mvn_resp\org\springframework\spring-webmvc\5.3.22\spring-webmvc-5.3.22.jar;D:\develop\Java\apache-maven-3.6.1\mvn_resp\org\springframework\spring-aop\5.3.22\spring-aop-5.3.22.jar;D:\develop\Java\apache-maven-3.6.1\mvn_resp\org\springframework\spring-context\5.3.22\spring-context-5.3.22.jar;D:\develop\Java\apache-maven-3.6.1\mvn_resp\org\springframework\spring-expression\5.3.22\spring-expression-5.3.22.jar;D:\develop\Java\apache-maven-3.6.1\mvn_resp\org\springframework\boot\spring-boot-starter-test\2.7.3\spring-boot-starter-test-2.7.3.jar;D:\develop\Java\apache-maven-3.6.1\mvn_resp\org\springframework\boot\spring-boot-test\2.7.3\spring-boot-test-2.7.3.jar;D:\develop\Java\apache-maven-3.6.1\mvn_resp\org\springframework\boot\spring-boot-test-autoconfigure\2.7.3\spring-boot-test-autoconfigure-2.7.3.jar;D:\develop\Java\apache-maven-3.6.1\mvn_resp\com\jayway\jsonpath\json-path\2.7.0\json-path-2.7.0.jar;D:\develop\Java\apache-maven-3.6.1\mvn_resp\net\minidev\json-smart\2.4.8\json-smart-2.4.8.jar;D:\develop\Java\apache-maven-3.6.1\mvn_resp\net\minidev\accessors-smart\2.4.8\accessors-smart-2.4.8.jar;D:\develop\Java\apache-maven-3.6.1\mvn_resp\org\ow2\asm\asm\9.1\asm-9.1.jar;D:\develop\Java\apache-maven-3.6.1\mvn_resp\jakarta\xml\bind\jakarta.xml.bind-api\2.3.3\jakarta.xml.bind-api-2.3.3.jar;D:\develop\Java\apache-maven-3.6.1\mvn_resp\jakarta\activation\jakarta.activation-api\1.2.2\jakarta.activation-api-1.2.2.jar;D:\develop\Java\apache-maven-3.6.1\mvn_resp\org\assertj\assertj-core\3.22.0\assertj-core-3.22.0.jar;D:\develop\Java\apache-maven-3.6.1\mvn_resp\org\hamcrest\hamcrest\2.2\hamcrest-2.2.jar;D:\develop\Java\apache-maven-3.6.1\mvn_resp\org\junit\jupiter\junit-jupiter\5.8.2\junit-jupiter-5.8.2.jar;D:\develop\Java\apache-maven-3.6.1\mvn_resp\org\junit\jupiter\junit-jupiter-api\5.8.2\junit-jupiter-api-5.8.2.jar;D:\develop\Java\apache-maven-3.6.1\mvn_resp\org\opentest4j\opentest4j\1.2.0\opentest4j-1.2.0.jar;D:\develop\Java\apache-maven-3.6.1\mvn_resp\org\junit\platform\junit-platform-commons\1.8.2\junit-platform-commons-1.8.2.jar;D:\develop\Java\apache-maven-3.6.1\mvn_resp\org\apiguardian\apiguardian-api\1.1.2\apiguardian-api-1.1.2.jar;D:\develop\Java\apache-maven-3.6.1\mvn_resp\org\junit\jupiter\junit-jupiter-params\5.8.2\junit-jupiter-params-5.8.2.jar;D:\develop\Java\apache-maven-3.6.1\mvn_resp\org\junit\jupiter\junit-jupiter-engine\5.8.2\junit-jupiter-engine-5.8.2.jar;D:\develop\Java\apache-maven-3.6.1\mvn_resp\org\junit\platform\junit-platform-engine\1.8.2\junit-platform-engine-1.8.2.jar;D:\develop\Java\apache-maven-3.6.1\mvn_resp\org\mockito\mockito-core\4.5.1\mockito-core-4.5.1.jar;D:\develop\Java\apache-maven-3.6.1\mvn_resp\net\bytebuddy\byte-buddy\1.12.13\byte-buddy-1.12.13.jar;D:\develop\Java\apache-maven-3.6.1\mvn_resp\net\bytebuddy\byte-buddy-agent\1.12.13\byte-buddy-agent-1.12.13.jar;D:\develop\Java\apache-maven-3.6.1\mvn_resp\org\objenesis\objenesis\3.2\objenesis-3.2.jar;D:\develop\Java\apache-maven-3.6.1\mvn_resp\org\mockito\mockito-junit-jupiter\4.5.1\mockito-junit-jupiter-4.5.1.jar;D:\develop\Java\apache-maven-3.6.1\mvn_resp\org\skyscreamer\jsonassert\1.5.1\jsonassert-1.5.1.jar;D:\develop\Java\apache-maven-3.6.1\mvn_resp\com\vaadin\external\google\android-json\0.0.20131108.vaadin1\android-json-0.0.20131108.vaadin1.jar;D:\develop\Java\apache-maven-3.6.1\mvn_resp\org\springframework\spring-core\5.3.22\spring-core-5.3.22.jar;D:\develop\Java\apache-maven-3.6.1\mvn_resp\org\springframework\spring-jcl\5.3.22\spring-jcl-5.3.22.jar;D:\develop\Java\apache-maven-3.6.1\mvn_resp\org\springframework\spring-test\5.3.22\spring-test-5.3.22.jar;D:\develop\Java\apache-maven-3.6.1\mvn_resp\org\xmlunit\xmlunit-core\2.9.0\xmlunit-core-2.9.0.jar;D:\develop\Java\apache-maven-3.6.1\mvn_resp\com\alibaba\druid-spring-boot-starter\1.2.1\druid-spring-boot-starter-1.2.1.jar;D:\develop\Java\apache-maven-3.6.1\mvn_resp\com\alibaba\druid\1.2.1\druid-1.2.1.jar;D:\develop\Java\apache-maven-3.6.1\mvn_resp\javax\annotation\javax.annotation-api\1.3.2\javax.annotation-api-1.3.2.jar;D:\develop\Java\apache-maven-3.6.1\mvn_resp\org\springframework\boot\spring-boot-autoconfigure\2.7.3\spring-boot-autoconfigure-2.7.3.jar;D:\develop\Java\apache-maven-3.6.1\mvn_resp\mysql\mysql-connector-java\8.0.30\mysql-connector-java-8.0.30.jar;D:\develop\Java\apache-maven-3.6.1\mvn_resp\org\mybatis\spring\boot\mybatis-spring-boot-starter\2.2.0\mybatis-spring-boot-starter-2.2.0.jar;D:\develop\Java\apache-maven-3.6.1\mvn_resp\org\springframework\boot\spring-boot-starter-jdbc\2.7.3\spring-boot-starter-jdbc-2.7.3.jar;D:\develop\Java\apache-maven-3.6.1\mvn_resp\com\zaxxer\HikariCP\4.0.3\HikariCP-4.0.3.jar;D:\develop\Java\apache-maven-3.6.1\mvn_resp\org\springframework\spring-jdbc\5.3.22\spring-jdbc-5.3.22.jar;D:\develop\Java\apache-maven-3.6.1\mvn_resp\org\mybatis\spring\boot\mybatis-spring-boot-autoconfigure\2.2.0\mybatis-spring-boot-autoconfigure-2.2.0.jar;D:\develop\Java\apache-maven-3.6.1\mvn_resp\org\mybatis\mybatis\3.5.7\mybatis-3.5.7.jar;D:\develop\Java\apache-maven-3.6.1\mvn_resp\org\mybatis\mybatis-spring\2.0.6\mybatis-spring-2.0.6.jar;D:\develop\Java\apache-maven-3.6.1\mvn_resp\org\projectlombok\lombok\1.18.20\lombok-1.18.20.jar;D:\develop\Java\apache-maven-3.6.1\mvn_resp\io\jsonwebtoken\jjwt\0.9.1\jjwt-0.9.1.jar;D:\develop\Java\apache-maven-3.6.1\mvn_resp\com\fasterxml\jackson\core\jackson-databind\2.13.3\jackson-databind-2.13.3.jar;D:\develop\Java\apache-maven-3.6.1\mvn_resp\com\fasterxml\jackson\core\jackson-annotations\2.13.3\jackson-annotations-2.13.3.jar;D:\develop\Java\apache-maven-3.6.1\mvn_resp\com\fasterxml\jackson\core\jackson-core\2.13.3\jackson-core-2.13.3.jar;D:\develop\Java\apache-maven-3.6.1\mvn_resp\org\springframework\boot\spring-boot-configuration-processor\2.7.3\spring-boot-configuration-processor-2.7.3.jar;D:\develop\Java\apache-maven-3.6.1\mvn_resp\javax\xml\bind\jaxb-api\2.3.1\jaxb-api-2.3.1.jar;D:\develop\Java\apache-maven-3.6.1\mvn_resp\javax\activation\javax.activation-api\1.2.0\javax.activation-api-1.2.0.jar;D:\develop\Java\apache-maven-3.6.1\mvn_resp\org\apache\commons\commons-pool2\2.11.1\commons-pool2-2.11.1.jar;D:\develop\Java\apache-maven-3.6.1\mvn_resp\org\springframework\boot\spring-boot-starter-data-redis\2.7.3\spring-boot-starter-data-redis-2.7.3.jar;D:\develop\Java\apache-maven-3.6.1\mvn_resp\org\springframework\data\spring-data-redis\2.7.2\spring-data-redis-2.7.2.jar;D:\develop\Java\apache-maven-3.6.1\mvn_resp\org\springframework\data\spring-data-keyvalue\2.7.2\spring-data-keyvalue-2.7.2.jar;D:\develop\Java\apache-maven-3.6.1\mvn_resp\org\springframework\data\spring-data-commons\2.7.2\spring-data-commons-2.7.2.jar;D:\develop\Java\apache-maven-3.6.1\mvn_resp\org\springframework\spring-tx\5.3.22\spring-tx-5.3.22.jar;D:\develop\Java\apache-maven-3.6.1\mvn_resp\org\springframework\spring-oxm\5.3.22\spring-oxm-5.3.22.jar;D:\develop\Java\apache-maven-3.6.1\mvn_resp\org\springframework\spring-context-support\5.3.22\spring-context-support-5.3.22.jar;D:\develop\Java\apache-maven-3.6.1\mvn_resp\io\lettuce\lettuce-core\6.1.9.RELEASE\lettuce-core-6.1.9.RELEASE.jar;D:\develop\Java\apache-maven-3.6.1\mvn_resp\io\netty\netty-common\4.1.79.Final\netty-common-4.1.79.Final.jar;D:\develop\Java\apache-maven-3.6.1\mvn_resp\io\netty\netty-handler\4.1.79.Final\netty-handler-4.1.79.Final.jar;D:\develop\Java\apache-maven-3.6.1\mvn_resp\io\netty\netty-resolver\4.1.79.Final\netty-resolver-4.1.79.Final.jar;D:\develop\Java\apache-maven-3.6.1\mvn_resp\io\netty\netty-buffer\4.1.79.Final\netty-buffer-4.1.79.Final.jar;D:\develop\Java\apache-maven-3.6.1\mvn_resp\io\netty\netty-transport-native-unix-common\4.1.79.Final\netty-transport-native-unix-common-4.1.79.Final.jar;D:\develop\Java\apache-maven-3.6.1\mvn_resp\io\netty\netty-codec\4.1.79.Final\netty-codec-4.1.79.Final.jar;D:\develop\Java\apache-maven-3.6.1\mvn_resp\io\netty\netty-transport\4.1.79.Final\netty-transport-4.1.79.Final.jar;D:\develop\Java\apache-maven-3.6.1\mvn_resp\io\projectreactor\reactor-core\3.4.22\reactor-core-3.4.22.jar;D:\develop\Java\apache-maven-3.6.1\mvn_resp\org\reactivestreams\reactive-streams\1.0.4\reactive-streams-1.0.4.jar;D:\develop\Java\apache-maven-3.6.1\mvn_resp\cn\hutool\hutool-all\5.7.21\hutool-all-5.7.21.jar;D:\develop\Java\apache-maven-3.6.1\mvn_resp\org\apache\commons\commons-lang3\3.12.0\commons-lang3-3.12.0.jar;D:\develop\Java\apache-maven-3.6.1\mvn_resp\joda-time\joda-time\2.10.5\joda-time-2.10.5.jar;D:\develop\Java\apache-maven-3.6.1\mvn_resp\com\aigc\aigc-common\0.0.1-SNAPSHOT\aigc-common-0.0.1-SNAPSHOT.jar;D:\develop\Java\apache-maven-3.6.1\mvn_resp\com\aigc\aigc-pojo\0.0.1-SNAPSHOT\aigc-pojo-0.0.1-SNAPSHOT.jar;D:\develop\Java\apache-maven-3.6.1\mvn_resp\com\baomidou\mybatis-plus-boot-starter\3.5.2\mybatis-plus-boot-starter-3.5.2.jar;D:\develop\Java\apache-maven-3.6.1\mvn_resp\com\baomidou\mybatis-plus\3.5.2\mybatis-plus-3.5.2.jar;D:\develop\Java\apache-maven-3.6.1\mvn_resp\com\baomidou\mybatis-plus-extension\3.5.2\mybatis-plus-extension-3.5.2.jar;D:\develop\Java\apache-maven-3.6.1\mvn_resp\com\baomidou\mybatis-plus-core\3.5.2\mybatis-plus-core-3.5.2.jar;D:\develop\Java\apache-maven-3.6.1\mvn_resp\com\baomidou\mybatis-plus-annotation\3.5.2\mybatis-plus-annotation-3.5.2.jar;D:\develop\Java\apache-maven-3.6.1\mvn_resp\com\github\jsqlparser\jsqlparser\4.4\jsqlparser-4.4.jar;D:\develop\Java\apache-maven-3.6.1\mvn_resp\org\jetbrains\kotlin\kotlin-stdlib-jdk8\1.6.21\kotlin-stdlib-jdk8-1.6.21.jar;D:\develop\Java\apache-maven-3.6.1\mvn_resp\org\jetbrains\kotlin\kotlin-stdlib\1.6.21\kotlin-stdlib-1.6.21.jar;D:\develop\Java\apache-maven-3.6.1\mvn_resp\org\jetbrains\kotlin\kotlin-stdlib-common\1.6.21\kotlin-stdlib-common-1.6.21.jar;D:\develop\Java\apache-maven-3.6.1\mvn_resp\org\jetbrains\annotations\13.0\annotations-13.0.jar;D:\develop\Java\apache-maven-3.6.1\mvn_resp\org\jetbrains\kotlin\kotlin-stdlib-jdk7\1.6.21\kotlin-stdlib-jdk7-1.6.21.jar;D:\develop\Java\apache-maven-3.6.1\mvn_resp\org\slf4j\slf4j-api\1.7.36\slf4j-api-1.7.36.jar;"/>
    <property name="sun.cpu.endian" value="little"/>
    <property name="user.home" value="C:\Users\yg"/>
    <property name="user.language" value="zh"/>
    <property name="java.specification.vendor" value="Oracle Corporation"/>
    <property name="java.version.date" value="2023-01-17"/>
    <property name="java.home" value="D:\develop\Java\jdk-17"/>
    <property name="file.separator" value="\"/>
    <property name="basedir" value="D:\develop\JetBrains\Java_code\aigc\aigc-server"/>
    <property name="java.vm.compressedOopsMode" value="Zero based"/>
    <property name="line.separator" value="&#10;"/>
    <property name="java.vm.specification.vendor" value="Oracle Corporation"/>
    <property name="java.specification.name" value="Java Platform API Specification"/>
    <property name="surefire.real.class.path" value="C:\Users\yg\AppData\Local\Temp\surefire4289297046605665022\surefirebooter5004100945669074028.jar"/>
    <property name="user.script" value=""/>
    <property name="sun.management.compiler" value="HotSpot 64-Bit Tiered Compilers"/>
    <property name="java.runtime.version" value="17.0.6+9-LTS-190"/>
    <property name="user.name" value="yg"/>
    <property name="path.separator" value=";"/>
    <property name="os.version" value="10.0"/>
    <property name="java.runtime.name" value="Java(TM) SE Runtime Environment"/>
    <property name="file.encoding" value="GBK"/>
    <property name="java.vm.name" value="Java HotSpot(TM) 64-Bit Server VM"/>
    <property name="localRepository" value="D:\develop\Java\apache-maven-3.6.1\mvn_resp"/>
    <property name="java.vendor.url.bug" value="https://bugreport.java.com/bugreport/"/>
    <property name="java.io.tmpdir" value="C:\Users\yg\AppData\Local\Temp\"/>
    <property name="idea.version" value="2022.3.3"/>
    <property name="java.version" value="17.0.6"/>
    <property name="user.dir" value="D:\develop\JetBrains\Java_code\aigc\aigc-server"/>
    <property name="os.arch" value="amd64"/>
    <property name="java.vm.specification.name" value="Java Virtual Machine Specification"/>
    <property name="sun.os.patch.level" value=""/>
    <property name="native.encoding" value="GBK"/>
    <property name="java.library.path" value="D:\develop\Java\jdk-17\bin;C:\WINDOWS\Sun\Java\bin;C:\WINDOWS\system32;C:\WINDOWS;C:\Program Files\NVIDIA GPU Computing Toolkit\CUDA\v11.6\bin;C:\Program Files\NVIDIA GPU Computing Toolkit\CUDA\v11.6\libnvvp;D:\develop\Java\apache-maven-3.6.1\bin;E:\mysql-8.2.0-winx64\bin;D:\develop\Java\jdk-1.8\bin;C:\Windows\system32;C:\Windows;C:\Windows\System32\Wbem;C:\Windows\System32\WindowsPowerShell\v1.0\;C:\Windows\System32\OpenSSH\;C:\Program Files (x86)\NVIDIA Corporation\PhysX\Common;C:\Program Files\NVIDIA Corporation\NVIDIA NvDLISR;C:\WINDOWS\system32;C:\WINDOWS;C:\WINDOWS\System32\Wbem;C:\WINDOWS\System32\WindowsPowerShell\v1.0\;C:\WINDOWS\System32\OpenSSH\;C:\Program Files\Git\cmd;E:\微信web开发者工具\dll;E:\DeveloperTools\Docker\resources\bin;C:\Program Files\NVIDIA Corporation\Nsight Compute 2022.1.0\;D:\nodejs\node14\;D:\nodejs\node_modules\node-v20.12.2;D:\develop\Python\Scripts;D:\develop\Python;D:\develop\python27\Scripts;D:\develop\python27;C:\Users\yg\AppData\Local\Microsoft\WindowsApps;D:\VSCode\Microsoft VS Code\bin;%DevEco Studio%;D:\develop\JetBrains\DataGrip 2023.2.3\bin;;D:\nodejs;C:\Users\yg\AppData\Roaming\npm;."/>
    <property name="java.vm.info" value="mixed mode, sharing"/>
    <property name="java.vendor" value="Oracle Corporation"/>
    <property name="java.vm.version" value="17.0.6+9-LTS-190"/>
    <property name="sun.io.unicode.encoding" value="UnicodeLittle"/>
    <property name="java.class.version" value="61.0"/>
  </properties>
  <testcase name="test" classname="com.aigc.idWorkTest" time="0.534"/>
</testsuite>